mode: set
github.com/matawis/matawis/pkg/apis/orders/order_items.go:16.60,19.59 2 0
github.com/matawis/matawis/pkg/apis/orders/order_items.go:23.2,23.51 1 0
github.com/matawis/matawis/pkg/apis/orders/order_items.go:19.59,21.3 1 0
github.com/matawis/matawis/pkg/apis/orders/order_items.go:26.59,30.73 3 0
github.com/matawis/matawis/pkg/apis/orders/order_items.go:34.2,34.50 1 0
github.com/matawis/matawis/pkg/apis/orders/order_items.go:30.73,32.3 1 0
github.com/matawis/matawis/pkg/apis/orders/order_items.go:37.59,42.44 2 0
github.com/matawis/matawis/pkg/apis/orders/order_items.go:46.2,54.60 7 0
github.com/matawis/matawis/pkg/apis/orders/order_items.go:58.2,58.83 1 0
github.com/matawis/matawis/pkg/apis/orders/order_items.go:62.2,62.55 1 0
github.com/matawis/matawis/pkg/apis/orders/order_items.go:42.44,44.3 1 0
github.com/matawis/matawis/pkg/apis/orders/order_items.go:54.60,56.3 1 0
github.com/matawis/matawis/pkg/apis/orders/order_items.go:58.83,60.3 1 0
github.com/matawis/matawis/pkg/apis/orders/order_items.go:65.62,71.44 3 0
github.com/matawis/matawis/pkg/apis/orders/order_items.go:75.2,77.73 2 0
github.com/matawis/matawis/pkg/apis/orders/order_items.go:81.2,89.50 7 0
github.com/matawis/matawis/pkg/apis/orders/order_items.go:71.44,73.3 1 0
github.com/matawis/matawis/pkg/apis/orders/order_items.go:77.73,79.3 1 0
github.com/matawis/matawis/pkg/apis/orders/order_items.go:92.62,96.73 3 0
github.com/matawis/matawis/pkg/apis/orders/order_items.go:100.2,102.37 2 0
github.com/matawis/matawis/pkg/apis/orders/order_items.go:96.73,98.3 1 0
github.com/matawis/matawis/pkg/apis/orders/orders.go:14.56,17.55 2 0
github.com/matawis/matawis/pkg/apis/orders/orders.go:21.2,21.47 1 0
github.com/matawis/matawis/pkg/apis/orders/orders.go:17.55,19.3 1 0
github.com/matawis/matawis/pkg/apis/orders/orders.go:24.55,28.69 3 0
github.com/matawis/matawis/pkg/apis/orders/orders.go:32.2,32.46 1 0
github.com/matawis/matawis/pkg/apis/orders/orders.go:28.69,30.3 1 0
github.com/matawis/matawis/pkg/apis/orders/orders.go:35.55,40.44 2 0
github.com/matawis/matawis/pkg/apis/orders/orders.go:44.2,50.56 5 0
github.com/matawis/matawis/pkg/apis/orders/orders.go:54.2,54.75 1 0
github.com/matawis/matawis/pkg/apis/orders/orders.go:58.2,58.51 1 0
github.com/matawis/matawis/pkg/apis/orders/orders.go:40.44,42.3 1 0
github.com/matawis/matawis/pkg/apis/orders/orders.go:50.56,52.3 1 0
github.com/matawis/matawis/pkg/apis/orders/orders.go:54.75,56.3 1 0
github.com/matawis/matawis/pkg/apis/orders/orders.go:61.58,67.44 3 0
github.com/matawis/matawis/pkg/apis/orders/orders.go:71.2,73.69 2 0
github.com/matawis/matawis/pkg/apis/orders/orders.go:77.2,83.46 5 0
github.com/matawis/matawis/pkg/apis/orders/orders.go:67.44,69.3 1 0
github.com/matawis/matawis/pkg/apis/orders/orders.go:73.69,75.3 1 0
github.com/matawis/matawis/pkg/apis/orders/orders.go:86.58,90.69 3 0
github.com/matawis/matawis/pkg/apis/orders/orders.go:94.2,96.37 2 0
github.com/matawis/matawis/pkg/apis/orders/orders.go:90.69,92.3 1 0
github.com/matawis/matawis/pkg/apis/orders/routers.go:8.57,40.2 25 1
github.com/matawis/matawis/pkg/apis/orders/cart.go:15.55,18.54 2 1
github.com/matawis/matawis/pkg/apis/orders/cart.go:22.2,22.46 1 1
github.com/matawis/matawis/pkg/apis/orders/cart.go:18.54,20.3 1 0
github.com/matawis/matawis/pkg/apis/orders/cart.go:25.54,29.68 3 1
github.com/matawis/matawis/pkg/apis/orders/cart.go:33.2,33.45 1 0
github.com/matawis/matawis/pkg/apis/orders/cart.go:29.68,31.3 1 1
github.com/matawis/matawis/pkg/apis/orders/cart.go:36.54,40.16 4 1
github.com/matawis/matawis/pkg/apis/orders/cart.go:45.2,45.44 1 1
github.com/matawis/matawis/pkg/apis/orders/cart.go:49.2,57.55 7 1
github.com/matawis/matawis/pkg/apis/orders/cart.go:61.2,61.73 1 0
github.com/matawis/matawis/pkg/apis/orders/cart.go:65.2,65.50 1 0
github.com/matawis/matawis/pkg/apis/orders/cart.go:40.16,42.3 1 0
github.com/matawis/matawis/pkg/apis/orders/cart.go:45.44,47.3 1 0
github.com/matawis/matawis/pkg/apis/orders/cart.go:57.55,59.3 1 1
github.com/matawis/matawis/pkg/apis/orders/cart.go:61.73,63.3 1 0
github.com/matawis/matawis/pkg/apis/orders/cart.go:68.57,73.16 5 1
github.com/matawis/matawis/pkg/apis/orders/cart.go:78.2,78.44 1 1
github.com/matawis/matawis/pkg/apis/orders/cart.go:82.2,84.68 2 1
github.com/matawis/matawis/pkg/apis/orders/cart.go:88.2,95.45 6 0
github.com/matawis/matawis/pkg/apis/orders/cart.go:73.16,75.3 1 0
github.com/matawis/matawis/pkg/apis/orders/cart.go:78.44,80.3 1 0
github.com/matawis/matawis/pkg/apis/orders/cart.go:84.68,86.3 1 1
github.com/matawis/matawis/pkg/apis/orders/cart.go:98.57,102.68 3 1
github.com/matawis/matawis/pkg/apis/orders/cart.go:106.2,108.37 2 0
github.com/matawis/matawis/pkg/apis/orders/cart.go:102.68,104.3 1 1
github.com/matawis/matawis/pkg/apis/orders/cart_items.go:17.59,20.58 2 1
github.com/matawis/matawis/pkg/apis/orders/cart_items.go:24.2,24.50 1 1
github.com/matawis/matawis/pkg/apis/orders/cart_items.go:20.58,22.3 1 0
github.com/matawis/matawis/pkg/apis/orders/cart_items.go:27.58,31.72 3 1
github.com/matawis/matawis/pkg/apis/orders/cart_items.go:35.2,35.49 1 0
github.com/matawis/matawis/pkg/apis/orders/cart_items.go:31.72,33.3 1 1
github.com/matawis/matawis/pkg/apis/orders/cart_items.go:38.58,42.16 4 1
github.com/matawis/matawis/pkg/apis/orders/cart_items.go:47.2,47.44 1 1
github.com/matawis/matawis/pkg/apis/orders/cart_items.go:51.2,61.59 9 1
github.com/matawis/matawis/pkg/apis/orders/cart_items.go:65.2,65.81 1 0
github.com/matawis/matawis/pkg/apis/orders/cart_items.go:69.2,69.54 1 0
github.com/matawis/matawis/pkg/apis/orders/cart_items.go:42.16,44.3 1 0
github.com/matawis/matawis/pkg/apis/orders/cart_items.go:47.44,49.3 1 0
github.com/matawis/matawis/pkg/apis/orders/cart_items.go:61.59,63.3 1 1
github.com/matawis/matawis/pkg/apis/orders/cart_items.go:65.81,67.3 1 0
github.com/matawis/matawis/pkg/apis/orders/cart_items.go:72.61,77.16 5 1
github.com/matawis/matawis/pkg/apis/orders/cart_items.go:82.2,82.44 1 1
github.com/matawis/matawis/pkg/apis/orders/cart_items.go:86.2,88.72 2 1
github.com/matawis/matawis/pkg/apis/orders/cart_items.go:92.2,102.49 9 0
github.com/matawis/matawis/pkg/apis/orders/cart_items.go:77.16,79.3 1 0
github.com/matawis/matawis/pkg/apis/orders/cart_items.go:82.44,84.3 1 0
github.com/matawis/matawis/pkg/apis/orders/cart_items.go:88.72,90.3 1 1
github.com/matawis/matawis/pkg/apis/orders/cart_items.go:105.61,109.72 3 1
github.com/matawis/matawis/pkg/apis/orders/cart_items.go:113.2,115.37 2 0
github.com/matawis/matawis/pkg/apis/orders/cart_items.go:109.72,111.3 1 1
github.com/matawis/matawis/pkg/models/users.go:20.46,24.2 3 1
github.com/matawis/matawis/pkg/models/users.go:26.57,29.2 2 0
